TN:
SF:index.js
FN:17,(anonymous_0)
FNF:1
FNH:1
FNDA:1,(anonymous_0)
DA:1,1
DA:3,1
DA:4,1
DA:6,1
DA:8,1
DA:9,1
DA:10,1
DA:12,1
DA:13,1
DA:14,1
DA:15,1
DA:17,1
DA:18,1
DA:21,1
LF:14
LH:14
BRF:0
BRH:0
end_of_record
TN:
SF:controller\LembrentesController.js
FN:4,(anonymous_0)
FN:15,(anonymous_1)
FN:33,(anonymous_2)
FN:46,(anonymous_3)
FN:59,(anonymous_4)
FN:72,(anonymous_5)
FNF:6
FNH:4
FNDA:1,(anonymous_0)
FNDA:1,(anonymous_1)
FNDA:1,(anonymous_2)
FNDA:1,(anonymous_3)
FNDA:0,(anonymous_4)
FNDA:0,(anonymous_5)
DA:1,1
DA:4,1
DA:5,1
DA:6,1
DA:7,1
DA:10,0
DA:15,1
DA:16,1
DA:18,1
DA:19,0
DA:21,1
DA:23,1
DA:24,1
DA:27,0
DA:33,1
DA:35,1
DA:36,1
DA:37,1
DA:38,1
DA:41,0
DA:46,1
DA:47,1
DA:48,1
DA:50,1
DA:51,1
DA:54,0
DA:59,1
DA:60,0
DA:61,0
DA:62,0
DA:63,0
DA:64,0
DA:67,0
DA:72,1
DA:73,0
DA:74,0
DA:75,0
DA:76,0
DA:80,0
DA:83,1
LF:40
LH:24
BRDA:18,0,0,0
BRDA:18,0,1,1
BRF:2
BRH:1
end_of_record
TN:
SF:database\db.js
FN:3,(anonymous_0)
FN:10,(anonymous_1)
FN:13,(anonymous_2)
FNF:3
FNH:2
FNDA:1,(anonymous_0)
FNDA:1,(anonymous_1)
FNDA:0,(anonymous_2)
DA:1,1
DA:3,1
DA:5,1
DA:11,1
DA:14,0
DA:18,1
LF:6
LH:5
BRF:0
BRH:0
end_of_record
TN:
SF:models\Lembrete.js
FNF:0
FNH:0
DA:1,1
DA:4,1
DA:21,1
LF:3
LH:3
BRF:0
BRH:0
end_of_record
TN:
SF:routes\routes.js
FNF:0
FNH:0
DA:1,1
DA:2,1
DA:5,1
DA:6,1
DA:7,1
DA:8,1
DA:9,1
DA:10,1
DA:14,1
LF:9
LH:9
BRF:0
BRH:0
end_of_record
