{"C:\\Users\\laise\\OneDrive\\Área de Trabalho\\Sistema de lembretes\\Sistemas de Lembretes Javascript\\Back-end\\index.js": {"path":"C:\\Users\\laise\\OneDrive\\Área de Trabalho\\Sistema de lembretes\\Sistemas de Lembretes Javascript\\Back-end\\index.js","statementMap":{"0":{"start":{"line":1,"column":16},"end":{"line":1,"column":34}},"1":{"start":{"line":3,"column":13},"end":{"line":3,"column":28}},"2":{"start":{"line":4,"column":15},"end":{"line":4,"column":41}},"3":{"start":{"line":6,"column":20},"end":{"line":6,"column":44}},"4":{"start":{"line":8,"column":0},"end":{"line":8,"column":14}},"5":{"start":{"line":9,"column":12},"end":{"line":9,"column":21}},"6":{"start":{"line":10,"column":13},"end":{"line":10,"column":17}},"7":{"start":{"line":12,"column":0},"end":{"line":12,"column":30}},"8":{"start":{"line":13,"column":0},"end":{"line":13,"column":56}},"9":{"start":{"line":14,"column":0},"end":{"line":14,"column":30}},"10":{"start":{"line":15,"column":0},"end":{"line":15,"column":15}},"11":{"start":{"line":17,"column":0},"end":{"line":19,"column":7}},"12":{"start":{"line":18,"column":4},"end":{"line":18,"column":69}},"13":{"start":{"line":21,"column":0},"end":{"line":21,"column":21}}},"fnMap":{"0":{"name":"(anonymous_0)","decl":{"start":{"line":17,"column":17},"end":{"line":17,"column":18}},"loc":{"start":{"line":17,"column":23},"end":{"line":19,"column":5}},"line":17}},"branchMap":{},"s":{"0":1,"1":1,"2":1,"3":1,"4":1,"5":1,"6":1,"7":1,"8":1,"9":1,"10":1,"11":1,"12":1,"13":1},"f":{"0":1},"b":{},"_coverageSchema":"1a1c01bbd47fc00a2c39e90264f33305004495a9","hash":"3111d0bf9af4f07864859e21c28f34b75df248f6"}
,"C:\\Users\\laise\\OneDrive\\Área de Trabalho\\Sistema de lembretes\\Sistemas de Lembretes Javascript\\Back-end\\controller\\LembrentesController.js": {"path":"C:\\Users\\laise\\OneDrive\\Área de Trabalho\\Sistema de lembretes\\Sistemas de Lembretes Javascript\\Back-end\\controller\\LembrentesController.js","statementMap":{"0":{"start":{"line":1,"column":17},"end":{"line":1,"column":46}},"1":{"start":{"line":4,"column":25},"end":{"line":12,"column":1}},"2":{"start":{"line":5,"column":4},"end":{"line":11,"column":5}},"3":{"start":{"line":6,"column":30},"end":{"line":6,"column":51}},"4":{"start":{"line":7,"column":8},"end":{"line":7,"column":68}},"5":{"start":{"line":10,"column":8},"end":{"line":10,"column":69}},"6":{"start":{"line":15,"column":23},"end":{"line":30,"column":1}},"7":{"start":{"line":16,"column":21},"end":{"line":16,"column":29}},"8":{"start":{"line":18,"column":4},"end":{"line":20,"column":5}},"9":{"start":{"line":19,"column":7},"end":{"line":19,"column":32}},"10":{"start":{"line":21,"column":4},"end":{"line":28,"column":5}},"11":{"start":{"line":23,"column":8},"end":{"line":23,"column":40}},"12":{"start":{"line":24,"column":8},"end":{"line":24,"column":33}},"13":{"start":{"line":27,"column":5},"end":{"line":27,"column":63}},"14":{"start":{"line":33,"column":16},"end":{"line":43,"column":1}},"15":{"start":{"line":35,"column":4},"end":{"line":42,"column":5}},"16":{"start":{"line":36,"column":25},"end":{"line":36,"column":69}},"17":{"start":{"line":37,"column":30},"end":{"line":37,"column":51}},"18":{"start":{"line":38,"column":8},"end":{"line":38,"column":62}},"19":{"start":{"line":41,"column":8},"end":{"line":41,"column":67}},"20":{"start":{"line":46,"column":26},"end":{"line":56,"column":1}},"21":{"start":{"line":47,"column":4},"end":{"line":55,"column":5}},"22":{"start":{"line":48,"column":25},"end":{"line":48,"column":33}},"23":{"start":{"line":50,"column":8},"end":{"line":50,"column":67}},"24":{"start":{"line":51,"column":8},"end":{"line":51,"column":33}},"25":{"start":{"line":54,"column":8},"end":{"line":54,"column":70}},"26":{"start":{"line":59,"column":30},"end":{"line":70,"column":1}},"27":{"start":{"line":60,"column":4},"end":{"line":68,"column":5}},"28":{"start":{"line":61,"column":31},"end":{"line":61,"column":79}},"29":{"start":{"line":62,"column":30},"end":{"line":62,"column":51}},"30":{"start":{"line":63,"column":8},"end":{"line":63,"column":77}},"31":{"start":{"line":64,"column":8},"end":{"line":64,"column":24}},"32":{"start":{"line":67,"column":8},"end":{"line":67,"column":68}},"33":{"start":{"line":72,"column":27},"end":{"line":82,"column":1}},"34":{"start":{"line":73,"column":4},"end":{"line":81,"column":5}},"35":{"start":{"line":74,"column":26},"end":{"line":74,"column":53}},"36":{"start":{"line":75,"column":30},"end":{"line":75,"column":51}},"37":{"start":{"line":76,"column":8},"end":{"line":76,"column":72}},"38":{"start":{"line":80,"column":8},"end":{"line":80,"column":76}},"39":{"start":{"line":83,"column":0},"end":{"line":90,"column":2}}},"fnMap":{"0":{"name":"(anonymous_0)","decl":{"start":{"line":4,"column":25},"end":{"line":4,"column":26}},"loc":{"start":{"line":4,"column":45},"end":{"line":12,"column":1}},"line":4},"1":{"name":"(anonymous_1)","decl":{"start":{"line":15,"column":23},"end":{"line":15,"column":24}},"loc":{"start":{"line":15,"column":43},"end":{"line":30,"column":1}},"line":15},"2":{"name":"(anonymous_2)","decl":{"start":{"line":33,"column":16},"end":{"line":33,"column":17}},"loc":{"start":{"line":33,"column":36},"end":{"line":43,"column":1}},"line":33},"3":{"name":"(anonymous_3)","decl":{"start":{"line":46,"column":26},"end":{"line":46,"column":27}},"loc":{"start":{"line":46,"column":46},"end":{"line":56,"column":1}},"line":46},"4":{"name":"(anonymous_4)","decl":{"start":{"line":59,"column":30},"end":{"line":59,"column":31}},"loc":{"start":{"line":59,"column":50},"end":{"line":70,"column":1}},"line":59},"5":{"name":"(anonymous_5)","decl":{"start":{"line":72,"column":27},"end":{"line":72,"column":28}},"loc":{"start":{"line":72,"column":47},"end":{"line":82,"column":1}},"line":72}},"branchMap":{"0":{"loc":{"start":{"line":18,"column":4},"end":{"line":20,"column":5}},"type":"if","locations":[{"start":{"line":18,"column":4},"end":{"line":20,"column":5}},{"start":{},"end":{}}],"line":18}},"s":{"0":1,"1":1,"2":1,"3":1,"4":1,"5":0,"6":1,"7":1,"8":1,"9":0,"10":1,"11":1,"12":1,"13":0,"14":1,"15":1,"16":1,"17":1,"18":1,"19":0,"20":1,"21":1,"22":1,"23":1,"24":1,"25":0,"26":1,"27":0,"28":0,"29":0,"30":0,"31":0,"32":0,"33":1,"34":0,"35":0,"36":0,"37":0,"38":0,"39":1},"f":{"0":1,"1":1,"2":1,"3":1,"4":0,"5":0},"b":{"0":[0,1]},"_coverageSchema":"1a1c01bbd47fc00a2c39e90264f33305004495a9","hash":"e388ebb3fd1c65e98c79d08b5cd042ef4dd0d5d4"}
,"C:\\Users\\laise\\OneDrive\\Área de Trabalho\\Sistema de lembretes\\Sistemas de Lembretes Javascript\\Back-end\\database\\db.js": {"path":"C:\\Users\\laise\\OneDrive\\Área de Trabalho\\Sistema de lembretes\\Sistemas de Lembretes Javascript\\Back-end\\database\\db.js","statementMap":{"0":{"start":{"line":1,"column":17},"end":{"line":1,"column":36}},"1":{"start":{"line":3,"column":20},"end":{"line":16,"column":1}},"2":{"start":{"line":5,"column":2},"end":{"line":15,"column":6}},"3":{"start":{"line":11,"column":6},"end":{"line":11,"column":74}},"4":{"start":{"line":14,"column":6},"end":{"line":14,"column":61}},"5":{"start":{"line":18,"column":0},"end":{"line":18,"column":28}}},"fnMap":{"0":{"name":"(anonymous_0)","decl":{"start":{"line":3,"column":20},"end":{"line":3,"column":21}},"loc":{"start":{"line":3,"column":26},"end":{"line":16,"column":1}},"line":3},"1":{"name":"(anonymous_1)","decl":{"start":{"line":10,"column":10},"end":{"line":10,"column":11}},"loc":{"start":{"line":10,"column":16},"end":{"line":12,"column":5}},"line":10},"2":{"name":"(anonymous_2)","decl":{"start":{"line":13,"column":11},"end":{"line":13,"column":12}},"loc":{"start":{"line":13,"column":20},"end":{"line":15,"column":5}},"line":13}},"branchMap":{},"s":{"0":1,"1":1,"2":1,"3":1,"4":0,"5":1},"f":{"0":1,"1":1,"2":0},"b":{},"_coverageSchema":"1a1c01bbd47fc00a2c39e90264f33305004495a9","hash":"49cd70e53e25ec01280258a4146f32e1d4a2d385"}
,"C:\\Users\\laise\\OneDrive\\Área de Trabalho\\Sistema de lembretes\\Sistemas de Lembretes Javascript\\Back-end\\models\\Lembrete.js": {"path":"C:\\Users\\laise\\OneDrive\\Área de Trabalho\\Sistema de lembretes\\Sistemas de Lembretes Javascript\\Back-end\\models\\Lembrete.js","statementMap":{"0":{"start":{"line":1,"column":17},"end":{"line":1,"column":36}},"1":{"start":{"line":4,"column":23},"end":{"line":18,"column":2}},"2":{"start":{"line":21,"column":0},"end":{"line":21,"column":60}}},"fnMap":{},"branchMap":{},"s":{"0":1,"1":1,"2":1},"f":{},"b":{},"_coverageSchema":"1a1c01bbd47fc00a2c39e90264f33305004495a9","hash":"eb0f2578d35b61cd648be844ee11c59252a8f021"}
,"C:\\Users\\laise\\OneDrive\\Área de Trabalho\\Sistema de lembretes\\Sistemas de Lembretes Javascript\\Back-end\\routes\\routes.js": {"path":"C:\\Users\\laise\\OneDrive\\Área de Trabalho\\Sistema de lembretes\\Sistemas de Lembretes Javascript\\Back-end\\routes\\routes.js","statementMap":{"0":{"start":{"line":1,"column":14},"end":{"line":1,"column":41}},"1":{"start":{"line":2,"column":29},"end":{"line":2,"column":74}},"2":{"start":{"line":5,"column":0},"end":{"line":5,"column":55}},"3":{"start":{"line":6,"column":0},"end":{"line":6,"column":60}},"4":{"start":{"line":7,"column":0},"end":{"line":7,"column":57}},"5":{"start":{"line":8,"column":0},"end":{"line":8,"column":70}},"6":{"start":{"line":9,"column":0},"end":{"line":9,"column":70}},"7":{"start":{"line":10,"column":0},"end":{"line":10,"column":63}},"8":{"start":{"line":14,"column":0},"end":{"line":14,"column":24}}},"fnMap":{},"branchMap":{},"s":{"0":1,"1":1,"2":1,"3":1,"4":1,"5":1,"6":1,"7":1,"8":1},"f":{},"b":{},"_coverageSchema":"1a1c01bbd47fc00a2c39e90264f33305004495a9","hash":"0243bc9930071d051e88f56e21a66cfd1e1b34e3"}
}
